<?xml version='1.0' encoding='UTF-8'?>
<testsuite hostname="Robyns-MBP.broadband" name="controllers.HomeControllerSpec" tests="3" errors="0" failures="0" skipped="0" time="1.173" timestamp="2022-06-17T11:53:10">
                     <properties>
[...]
</properties>
                     <testcase classname="controllers.HomeControllerSpec" name="HomeController GET should render the index page from a new instance of controller" time="0.103">
                                                 
                                               </testcase><testcase classname="controllers.HomeControllerSpec" name="HomeController GET should render the index page from the application" time="0.035">
                                                 
                                               </testcase><testcase classname="controllers.HomeControllerSpec" name="HomeController GET should render the index page from the router" time="1.035">
                                                 
                                               </testcase>
                     <system-out><![CDATA[]]></system-out>
                     <system-err><![CDATA[]]></system-err>
                   </testsuite>