<?xml version='1.0' encoding='UTF-8'?>
<testsuite hostname="Robyns-MBP.broadband" name="services.ApplicationServiceSpec" tests="17" errors="0" failures="0" skipped="0" time="0.038" timestamp="2022-06-24T12:32:31">
                     <properties>
[...]
</properties>
                     <testcase classname="services.ApplicationServiceSpec" name="ApplicationService .index() should receives a sequence of books" time="0.011">
                                                 
                                               </testcase><testcase classname="services.ApplicationServiceSpec" name="ApplicationService .index() should receives a error from controller" time="0.001">
                                                 
                                               </testcase><testcase classname="services.ApplicationServiceSpec" name="ApplicationService .create() should validate a dataModel, with mock data repository" time="0.005">
                                                 
                                               </testcase><testcase classname="services.ApplicationServiceSpec" name="ApplicationService .create() should unable to validate a dataModel, with mock data repository" time="0.001">
                                                 
                                               </testcase><testcase classname="services.ApplicationServiceSpec" name="ApplicationService .create() should validate a dataModel, but mock data repository returns error" time="0.001">
                                                 
                                               </testcase><testcase classname="services.ApplicationServiceSpec" name="ApplicationService .read() should receives a valid id string" time="0.001">
                                                 
                                               </testcase><testcase classname="services.ApplicationServiceSpec" name="ApplicationService .read() should does not receives a valid id string" time="0.001">
                                                 
                                               </testcase><testcase classname="services.ApplicationServiceSpec" name="ApplicationService .readName() should receives a valid name string" time="0.002">
                                                 
                                               </testcase><testcase classname="services.ApplicationServiceSpec" name="ApplicationService .readName() should does not receives a valid name string" time="0.001">
                                                 
                                               </testcase><testcase classname="services.ApplicationServiceSpec" name="ApplicationService .update() should receives a valid id string and book" time="0.002">
                                                 
                                               </testcase><testcase classname="services.ApplicationServiceSpec" name="ApplicationService .update() should receives a valid book but invalid id string" time="0.002">
                                                 
                                               </testcase><testcase classname="services.ApplicationServiceSpec" name="ApplicationService .update() should correct id but unable to validate a dataModel, with mock data repository" time="0.002">
                                                 
                                               </testcase><testcase classname="services.ApplicationServiceSpec" name="ApplicationService .updateField() should receives a valid id string and book" time="0.003">
                                                 
                                               </testcase><testcase classname="services.ApplicationServiceSpec" name="ApplicationService .updateField() should receives a valid book but invalid id string" time="0.002">
                                                 
                                               </testcase><testcase classname="services.ApplicationServiceSpec" name="ApplicationService .updateField() should correct id but unable to validate a dataModel, with mock data repository" time="0.001">
                                                 
                                               </testcase><testcase classname="services.ApplicationServiceSpec" name="ApplicationService .delete() should receives a valid id string" time="0.001">
                                                 
                                               </testcase><testcase classname="services.ApplicationServiceSpec" name="ApplicationService .delete() should does not receives a valid id string" time="0.001">
                                                 
                                               </testcase>
                     <system-out><![CDATA[]]></system-out>
                     <system-err><![CDATA[]]></system-err>
                   </testsuite>